Using pre-set license
Built from '2020.3/release' branch; Version is '2020.3.12f1 (b3b2c6512326) revision 11776710'; Using compiler version '192528614'; Build Type 'Release'
OS: 'Windows 10 Pro; OS build 22621.1702; Version 2009; 64bit' Language: 'en' Physical Memory: 15775 MB
BatchMode: 1, IsHumanControllingUs: 0, StartBugReporterOnCrash: 0, Is64bit: 1, IsPro: 0

 COMMAND LINE ARGUMENTS:
C:\Program Files\Unity\Hub\Editor\2020.3.12f1\Editor\Unity.exe
-adb2
-batchMode
-noUpm
-name
AssetImportWorker0
-projectPath
C:/Users/Code Ninjas/Documents/GitHub/YSBB/YSJungleEscape
-logFile
Logs/AssetImportWorker0.log
-srvPort
52493
Successfully changed project path to: C:/Users/Code Ninjas/Documents/GitHub/YSBB/YSJungleEscape
C:/Users/Code Ninjas/Documents/GitHub/YSBB/YSJungleEscape
Using Asset Import Pipeline V2.
Refreshing native plugins compatible for Editor in 28.32 ms, found 2 plugins.
Preloading 0 native plugins for Editor in 0.00 ms.
Initialize engine version: 2020.3.12f1 (b3b2c6512326)
[Subsystems] Discovering subsystems at path C:/Program Files/Unity/Hub/Editor/2020.3.12f1/Editor/Data/Resources/UnitySubsystems
[Subsystems] Discovering subsystems at path C:/Users/Code Ninjas/Documents/GitHub/YSBB/YSJungleEscape/Assets
GfxDevice: creating device client; threaded=0
Direct3D:
    Version:  Direct3D 11.0 [level 11.1]
    Renderer: NVIDIA GeForce RTX 3050 Ti Laptop GPU (ID=0x25a0)
    Vendor:   
    VRAM:     3990 MB
    Driver:   30.0.15.1169
Initialize mono
Mono path[0] = 'C:/Program Files/Unity/Hub/Editor/2020.3.12f1/Editor/Data/Managed'
Mono path[1] = 'C:/Program Files/Unity/Hub/Editor/2020.3.12f1/Editor/Data/MonoBleedingEdge/lib/mono/unityjit'
Mono config path = 'C:/Program Files/Unity/Hub/Editor/2020.3.12f1/Editor/Data/MonoBleedingEdge/etc'
Using monoOptions --debugger-agent=transport=dt_socket,embedding=1,server=y,suspend=n,address=127.0.0.1:56148
Begin MonoManager ReloadAssembly
Registering precompiled unity dll's ...
Register platform support module: C:/Program Files/Unity/Hub/Editor/2020.3.12f1/Editor/Data/PlaybackEngines/WindowsStandaloneSupport/UnityEditor.WindowsStandalone.Extensions.dll
Registered in 0.002861 seconds.
Native extension for WindowsStandalone target not found
Refreshing native plugins compatible for Editor in 28.72 ms, found 2 plugins.
Preloading 0 native plugins for Editor in 0.00 ms.
Mono: successfully reloaded assembly
- Completed reload, in  1.294 seconds
Platform modules already initialized, skipping
Registering precompiled user dll's ...
Registered in 0.007740 seconds.
Begin MonoManager ReloadAssembly
Native extension for WindowsStandalone target not found
Refreshing native plugins compatible for Editor in 0.37 ms, found 2 plugins.
Preloading 0 native plugins for Editor in 0.00 ms.
Mono: successfully reloaded assembly
- Completed reload, in  0.800 seconds
Platform modules already initialized, skipping
========================================================================
Worker process is ready to serve import requests
Launched and connected shader compiler UnityShaderCompiler.exe after 0.05 seconds
Refreshing native plugins compatible for Editor in 0.36 ms, found 2 plugins.
Preloading 0 native plugins for Editor in 0.00 ms.
Unloading 1393 Unused Serialized files (Serialized files now loaded: 0)
System memory in use before: 65.5 MB.
System memory in use after: 65.5 MB.

Unloading 19 unused Assets to reduce memory usage. Loaded Objects now: 1833.
Total: 2.087000 ms (FindLiveObjects: 0.163700 ms CreateObjectMapping: 0.050500 ms MarkObjects: 1.772500 ms  DeleteObjects: 0.098700 ms)

AssetImportParameters requested are different than current active one (requested -> active):
  custom:framework-win-MediaFoundation: 216162199b28c13a410421893ffa2e32 -> 
  custom:video-decoder-ogg-theora: a1e56fd34408186e4bbccfd4996cb3dc -> 
  custom:container-muxer-webm: aa71ff27fc2769a1b78a27578f13a17b -> 
  custom:container-demuxer-webm: 4f35f7cbe854078d1ac9338744f61a02 -> 
  custom:container-demuxer-ogg: 62fdf1f143b41e24485cea50d1cbac27 -> 
  custom:video-encoder-webm-vp8: eb34c28f22e8b96e1ab97ce403110664 -> 
  custom:video-decoder-webm-vp8: 9c59270c3fd7afecdb556c50c9e8de78 -> 
  custom:audio-decoder-ogg-vorbis: bf7c407c2cedff20999df2af8eb42d56 -> 
  custom:audio-encoder-webm-vorbis: bf7c407c2cedff20999df2af8eb42d56 -> 
========================================================================
Received Import Request.
  path: Assets/Animations/Codey@jump.fbx
  artifactKey: Guid(bbea34e7cdf69894cb2233328fb35cb8) Importer(815301076,1909f56bfc062723c751e8b465ee728b)
Start importing Assets/Animations/Codey@jump.fbx using Guid(bbea34e7cdf69894cb2233328fb35cb8) Importer(815301076,1909f56bfc062723c751e8b465ee728b)  -> (artifact id: 'f945be21e7b0c28630c52b38e5ee506e') in 0.065164 seconds 
  Import took 0.069831 seconds .

========================================================================
Received Import Request.
  Time since last request: 0.000328 seconds.
  path: Assets/Animations/Codey@idelPose.fbx
  artifactKey: Guid(e6ee5e2b4f423f84c8b0e4a087bed79b) Importer(815301076,1909f56bfc062723c751e8b465ee728b)
Start importing Assets/Animations/Codey@idelPose.fbx using Guid(e6ee5e2b4f423f84c8b0e4a087bed79b) Importer(815301076,1909f56bfc062723c751e8b465ee728b)  -> (artifact id: 'c08cb2dabe6743ecd52d86d6080f3107') in 0.013687 seconds 
  Import took 0.017071 seconds .

========================================================================
Received Import Request.
  Time since last request: 0.000246 seconds.
  path: Assets/Animations/Codey@walk.fbx
  artifactKey: Guid(40299b6b7b59d7544b11cb37384acf71) Importer(815301076,1909f56bfc062723c751e8b465ee728b)
Start importing Assets/Animations/Codey@walk.fbx using Guid(40299b6b7b59d7544b11cb37384acf71) Importer(815301076,1909f56bfc062723c751e8b465ee728b)  -> (artifact id: '541e3ac9b1d34475794cf947c2baa989') in 0.013475 seconds 
  Import took 0.016414 seconds .

========================================================================
Received Import Request.
  Time since last request: 0.000252 seconds.
  path: Assets/Animations/Codey@walkBackwards.fbx
  artifactKey: Guid(2a417d7ef84b2f24c9d251ea7f4d0891) Importer(815301076,1909f56bfc062723c751e8b465ee728b)
Start importing Assets/Animations/Codey@walkBackwards.fbx using Guid(2a417d7ef84b2f24c9d251ea7f4d0891) Importer(815301076,1909f56bfc062723c751e8b465ee728b)  -> (artifact id: 'ebb34c2248eaaae368a9cedf6254892c') in 0.012771 seconds 
  Import took 0.015084 seconds .

========================================================================
Received Import Request.
  Time since last request: 4.261406 seconds.
  path: Assets/Animations/Codey-AnimCTRL.controller
  artifactKey: Guid(b979ef0abebbf8c499d09d204fbe6ff1) Importer(815301076,1909f56bfc062723c751e8b465ee728b)
Start importing Assets/Animations/Codey-AnimCTRL.controller using Guid(b979ef0abebbf8c499d09d204fbe6ff1) Importer(815301076,1909f56bfc062723c751e8b465ee728b)  -> (artifact id: '97eedf0032bcd7e95292892c8668ef07') in 0.023650 seconds 
  Import took 0.028119 seconds .

========================================================================
Received Prepare
Registering precompiled user dll's ...
Registered in 0.005513 seconds.
Begin MonoManager ReloadAssembly
Native extension for WindowsStandalone target not found
Refreshing native plugins compatible for Editor in 0.44 ms, found 2 plugins.
Preloading 0 native plugins for Editor in 0.00 ms.
Mono: successfully reloaded assembly
- Completed reload, in  0.878 seconds
Platform modules already initialized, skipping
Refreshing native plugins compatible for Editor in 0.40 ms, found 2 plugins.
Preloading 0 native plugins for Editor in 0.00 ms.
Unloading 1389 Unused Serialized files (Serialized files now loaded: 0)
System memory in use before: 65.5 MB.
System memory in use after: 65.6 MB.

Unloading 14 unused Assets to reduce memory usage. Loaded Objects now: 1837.
Total: 3.227900 ms (FindLiveObjects: 0.272100 ms CreateObjectMapping: 0.061100 ms MarkObjects: 2.799600 ms  DeleteObjects: 0.092800 ms)

AssetImportParameters requested are different than current active one (requested -> active):
  custom:framework-win-MediaFoundation: 216162199b28c13a410421893ffa2e32 -> 
  custom:video-decoder-ogg-theora: a1e56fd34408186e4bbccfd4996cb3dc -> 
  custom:container-muxer-webm: aa71ff27fc2769a1b78a27578f13a17b -> 
  custom:container-demuxer-webm: 4f35f7cbe854078d1ac9338744f61a02 -> 
  custom:container-demuxer-ogg: 62fdf1f143b41e24485cea50d1cbac27 -> 
  custom:video-encoder-webm-vp8: eb34c28f22e8b96e1ab97ce403110664 -> 
  custom:video-decoder-webm-vp8: 9c59270c3fd7afecdb556c50c9e8de78 -> 
  custom:audio-decoder-ogg-vorbis: bf7c407c2cedff20999df2af8eb42d56 -> 
  custom:audio-encoder-webm-vorbis: bf7c407c2cedff20999df2af8eb42d56 -> 
========================================================================
Received Prepare
Registering precompiled user dll's ...
Registered in 0.004579 seconds.
Begin MonoManager ReloadAssembly
Native extension for WindowsStandalone target not found
Refreshing native plugins compatible for Editor in 0.34 ms, found 2 plugins.
Preloading 0 native plugins for Editor in 0.00 ms.
Mono: successfully reloaded assembly
- Completed reload, in  0.714 seconds
Platform modules already initialized, skipping
Refreshing native plugins compatible for Editor in 0.36 ms, found 2 plugins.
Preloading 0 native plugins for Editor in 0.00 ms.
Unloading 1389 Unused Serialized files (Serialized files now loaded: 0)
System memory in use before: 65.5 MB.
System memory in use after: 65.6 MB.

Unloading 14 unused Assets to reduce memory usage. Loaded Objects now: 1840.
Total: 1.970200 ms (FindLiveObjects: 0.151200 ms CreateObjectMapping: 0.032600 ms MarkObjects: 1.706200 ms  DeleteObjects: 0.079400 ms)

AssetImportParameters requested are different than current active one (requested -> active):
  custom:framework-win-MediaFoundation: 216162199b28c13a410421893ffa2e32 -> 
  custom:video-decoder-ogg-theora: a1e56fd34408186e4bbccfd4996cb3dc -> 
  custom:container-muxer-webm: aa71ff27fc2769a1b78a27578f13a17b -> 
  custom:container-demuxer-webm: 4f35f7cbe854078d1ac9338744f61a02 -> 
  custom:container-demuxer-ogg: 62fdf1f143b41e24485cea50d1cbac27 -> 
  custom:video-encoder-webm-vp8: eb34c28f22e8b96e1ab97ce403110664 -> 
  custom:video-decoder-webm-vp8: 9c59270c3fd7afecdb556c50c9e8de78 -> 
  custom:audio-decoder-ogg-vorbis: bf7c407c2cedff20999df2af8eb42d56 -> 
  custom:audio-encoder-webm-vorbis: bf7c407c2cedff20999df2af8eb42d56 -> 
========================================================================
Received Import Request.
  Time since last request: 218.280758 seconds.
  path: Assets/Scripts
  artifactKey: Guid(54656e89d182e4e47afae7db67c507ec) Importer(815301076,1909f56bfc062723c751e8b465ee728b)
Start importing Assets/Scripts using Guid(54656e89d182e4e47afae7db67c507ec) Importer(815301076,1909f56bfc062723c751e8b465ee728b)  -> (artifact id: 'e37f7f531b154e3556000b0d6c251e54') in 0.010838 seconds 
  Import took 0.013387 seconds .

========================================================================
Received Import Request.
  Time since last request: 425.580458 seconds.
  path: Assets/Scripts/Animate.cs
  artifactKey: Guid(a836328e1b9a396469aeccc533ca2d8c) Importer(815301076,1909f56bfc062723c751e8b465ee728b)
Start importing Assets/Scripts/Animate.cs using Guid(a836328e1b9a396469aeccc533ca2d8c) Importer(815301076,1909f56bfc062723c751e8b465ee728b)  -> (artifact id: '2cd8007bd6631704e4959167c393e71a') in 0.019873 seconds 
  Import took 0.024872 seconds .

========================================================================
Received Import Request.
  Time since last request: 6.226330 seconds.
  path: Assets/Scripts/Animator.cs
  artifactKey: Guid(a836328e1b9a396469aeccc533ca2d8c) Importer(815301076,1909f56bfc062723c751e8b465ee728b)
Start importing Assets/Scripts/Animator.cs using Guid(a836328e1b9a396469aeccc533ca2d8c) Importer(815301076,1909f56bfc062723c751e8b465ee728b)  -> (artifact id: 'bc70ebd3ff983fce947348794de67a3a') in 0.013292 seconds 
  Import took 0.017903 seconds .

========================================================================
Received Import Request.
  Time since last request: 0.023508 seconds.
  path: Assets/Scripts/Animator.cs
  artifactKey: Guid(a836328e1b9a396469aeccc533ca2d8c) Importer(815301076,1909f56bfc062723c751e8b465ee728b)
Start importing Assets/Scripts/Animator.cs using Guid(a836328e1b9a396469aeccc533ca2d8c) Importer(815301076,1909f56bfc062723c751e8b465ee728b)  -> (artifact id: 'bc70ebd3ff983fce947348794de67a3a') in 0.004731 seconds 
  Import took 0.008849 seconds .

========================================================================
Received Import Request.
  Time since last request: 129.210727 seconds.
  path: Assets/Scripts/Animate.cs
  artifactKey: Guid(a836328e1b9a396469aeccc533ca2d8c) Importer(815301076,1909f56bfc062723c751e8b465ee728b)
Start importing Assets/Scripts/Animate.cs using Guid(a836328e1b9a396469aeccc533ca2d8c) Importer(815301076,1909f56bfc062723c751e8b465ee728b)  -> (artifact id: 'd2e59507917e1eea7dc6bef4289810e1') in 0.004685 seconds 
  Import took 0.010000 seconds .

========================================================================
Received Import Request.
  Time since last request: 0.027909 seconds.
  path: Assets/Scripts/Animate.cs
  artifactKey: Guid(a836328e1b9a396469aeccc533ca2d8c) Importer(815301076,1909f56bfc062723c751e8b465ee728b)
Start importing Assets/Scripts/Animate.cs using Guid(a836328e1b9a396469aeccc533ca2d8c) Importer(815301076,1909f56bfc062723c751e8b465ee728b)  -> (artifact id: 'd2e59507917e1eea7dc6bef4289810e1') in 0.004357 seconds 
  Import took 0.008297 seconds .

========================================================================
Received Prepare
Registering precompiled user dll's ...
Registered in 0.005617 seconds.
Begin MonoManager ReloadAssembly
Native extension for WindowsStandalone target not found
Refreshing native plugins compatible for Editor in 0.41 ms, found 2 plugins.
Preloading 0 native plugins for Editor in 0.00 ms.
Mono: successfully reloaded assembly
- Completed reload, in  0.775 seconds
Platform modules already initialized, skipping
Refreshing native plugins compatible for Editor in 0.40 ms, found 2 plugins.
Preloading 0 native plugins for Editor in 0.00 ms.
Unloading 1390 Unused Serialized files (Serialized files now loaded: 0)
System memory in use before: 65.6 MB.
System memory in use after: 65.6 MB.

Unloading 14 unused Assets to reduce memory usage. Loaded Objects now: 1844.
Total: 1.999100 ms (FindLiveObjects: 0.152200 ms CreateObjectMapping: 0.039600 ms MarkObjects: 1.736700 ms  DeleteObjects: 0.069600 ms)

AssetImportParameters requested are different than current active one (requested -> active):
  custom:framework-win-MediaFoundation: 216162199b28c13a410421893ffa2e32 -> 
  custom:video-decoder-ogg-theora: a1e56fd34408186e4bbccfd4996cb3dc -> 
  custom:container-muxer-webm: aa71ff27fc2769a1b78a27578f13a17b -> 
  custom:container-demuxer-webm: 4f35f7cbe854078d1ac9338744f61a02 -> 
  custom:container-demuxer-ogg: 62fdf1f143b41e24485cea50d1cbac27 -> 
  custom:video-encoder-webm-vp8: eb34c28f22e8b96e1ab97ce403110664 -> 
  custom:video-decoder-webm-vp8: 9c59270c3fd7afecdb556c50c9e8de78 -> 
  custom:audio-decoder-ogg-vorbis: bf7c407c2cedff20999df2af8eb42d56 -> 
  custom:audio-encoder-webm-vorbis: bf7c407c2cedff20999df2af8eb42d56 -> 
========================================================================
Received Import Request.
  Time since last request: 176.898215 seconds.
  path: Assets/Scripts/Animate.cs
  artifactKey: Guid(a836328e1b9a396469aeccc533ca2d8c) Importer(815301076,1909f56bfc062723c751e8b465ee728b)
Start importing Assets/Scripts/Animate.cs using Guid(a836328e1b9a396469aeccc533ca2d8c) Importer(815301076,1909f56bfc062723c751e8b465ee728b)  -> (artifact id: '1808069c1d6e58b057e4d27c704b45a6') in 0.005742 seconds 
  Import took 0.009495 seconds .

========================================================================
Received Prepare
Registering precompiled user dll's ...
Registered in 0.010186 seconds.
Begin MonoManager ReloadAssembly
Native extension for WindowsStandalone target not found
Refreshing native plugins compatible for Editor in 0.39 ms, found 2 plugins.
Preloading 0 native plugins for Editor in 0.00 ms.
Mono: successfully reloaded assembly
- Completed reload, in  0.796 seconds
Platform modules already initialized, skipping
Refreshing native plugins compatible for Editor in 0.42 ms, found 2 plugins.
Preloading 0 native plugins for Editor in 0.00 ms.
Unloading 1390 Unused Serialized files (Serialized files now loaded: 0)
System memory in use before: 65.6 MB.
System memory in use after: 65.7 MB.

Unloading 14 unused Assets to reduce memory usage. Loaded Objects now: 1847.
Total: 2.081600 ms (FindLiveObjects: 0.156000 ms CreateObjectMapping: 0.039600 ms MarkObjects: 1.796300 ms  DeleteObjects: 0.088600 ms)

AssetImportParameters requested are different than current active one (requested -> active):
  custom:framework-win-MediaFoundation: 216162199b28c13a410421893ffa2e32 -> 
  custom:video-decoder-ogg-theora: a1e56fd34408186e4bbccfd4996cb3dc -> 
  custom:container-muxer-webm: aa71ff27fc2769a1b78a27578f13a17b -> 
  custom:container-demuxer-webm: 4f35f7cbe854078d1ac9338744f61a02 -> 
  custom:container-demuxer-ogg: 62fdf1f143b41e24485cea50d1cbac27 -> 
  custom:video-encoder-webm-vp8: eb34c28f22e8b96e1ab97ce403110664 -> 
  custom:video-decoder-webm-vp8: 9c59270c3fd7afecdb556c50c9e8de78 -> 
  custom:audio-decoder-ogg-vorbis: bf7c407c2cedff20999df2af8eb42d56 -> 
  custom:audio-encoder-webm-vorbis: bf7c407c2cedff20999df2af8eb42d56 -> 
========================================================================
Received Prepare
Registering precompiled user dll's ...
Registered in 0.007688 seconds.
Begin MonoManager ReloadAssembly
Native extension for WindowsStandalone target not found
Refreshing native plugins compatible for Editor in 0.37 ms, found 2 plugins.
Preloading 0 native plugins for Editor in 0.00 ms.
Mono: successfully reloaded assembly
- Completed reload, in  0.881 seconds
Platform modules already initialized, skipping
Refreshing native plugins compatible for Editor in 0.40 ms, found 2 plugins.
Preloading 0 native plugins for Editor in 0.00 ms.
Unloading 1390 Unused Serialized files (Serialized files now loaded: 0)
System memory in use before: 65.6 MB.
System memory in use after: 65.7 MB.

Unloading 14 unused Assets to reduce memory usage. Loaded Objects now: 1850.
Total: 1.870200 ms (FindLiveObjects: 0.132400 ms CreateObjectMapping: 0.032800 ms MarkObjects: 1.622000 ms  DeleteObjects: 0.081900 ms)

AssetImportParameters requested are different than current active one (requested -> active):
  custom:framework-win-MediaFoundation: 216162199b28c13a410421893ffa2e32 -> 
  custom:video-decoder-ogg-theora: a1e56fd34408186e4bbccfd4996cb3dc -> 
  custom:container-muxer-webm: aa71ff27fc2769a1b78a27578f13a17b -> 
  custom:container-demuxer-webm: 4f35f7cbe854078d1ac9338744f61a02 -> 
  custom:container-demuxer-ogg: 62fdf1f143b41e24485cea50d1cbac27 -> 
  custom:video-encoder-webm-vp8: eb34c28f22e8b96e1ab97ce403110664 -> 
  custom:video-decoder-webm-vp8: 9c59270c3fd7afecdb556c50c9e8de78 -> 
  custom:audio-decoder-ogg-vorbis: bf7c407c2cedff20999df2af8eb42d56 -> 
  custom:audio-encoder-webm-vorbis: bf7c407c2cedff20999df2af8eb42d56 -> 
========================================================================
Received Import Request.
  Time since last request: 133.687318 seconds.
  path: Assets/Materials/Textures/beachScene.png
  artifactKey: Guid(eee54b5f4d6ecc84a8b93d246f592677) Importer(815301076,1909f56bfc062723c751e8b465ee728b)
Start importing Assets/Materials/Textures/beachScene.png using Guid(eee54b5f4d6ecc84a8b93d246f592677) Importer(815301076,1909f56bfc062723c751e8b465ee728b)  -> (artifact id: '8175c6a10b0fa8fdc29f2615b0e7341d') in 0.094134 seconds 
  Import took 0.098201 seconds .

========================================================================
Received Import Request.
  Time since last request: 0.012551 seconds.
  path: Assets/FX/JMO Assets/Materials/CFX_Star Add.mat
  artifactKey: Guid(28bd8c3c14d3f214da37557b91e0fa5d) Importer(815301076,1909f56bfc062723c751e8b465ee728b)
Start importing Assets/FX/JMO Assets/Materials/CFX_Star Add.mat using Guid(28bd8c3c14d3f214da37557b91e0fa5d) Importer(815301076,1909f56bfc062723c751e8b465ee728b)  -> (artifact id: '26516f566d3fcdabf629423d770f360f') in 0.121190 seconds 
  Import took 0.125856 seconds .

========================================================================
Received Import Request.
  Time since last request: 0.020481 seconds.
  path: Assets/Materials/Textures/CodeyTexture.jpg
  artifactKey: Guid(b3b0e444b4e2b1342a1ba4615b0b97fa) Importer(815301076,1909f56bfc062723c751e8b465ee728b)
Start importing Assets/Materials/Textures/CodeyTexture.jpg using Guid(b3b0e444b4e2b1342a1ba4615b0b97fa) Importer(815301076,1909f56bfc062723c751e8b465ee728b)  -> (artifact id: 'eb81075c3bb4b73c831190961524a56f') in 0.021505 seconds 
  Import took 0.025122 seconds .

========================================================================
Received Import Request.
  Time since last request: 0.013146 seconds.
  path: Assets/Animate.cs
  artifactKey: Guid(021d567011555ec4e9fd699fdb9558b4) Importer(815301076,1909f56bfc062723c751e8b465ee728b)
Start importing Assets/Animate.cs using Guid(021d567011555ec4e9fd699fdb9558b4) Importer(815301076,1909f56bfc062723c751e8b465ee728b)  -> (artifact id: '83fda61d235c977dc761799b11d29385') in 0.003641 seconds 
  Import took 0.006799 seconds .

========================================================================
Received Import Request.
  Time since last request: 0.010347 seconds.
  path: Assets/FX/JMO Assets/CFX Prefabs
  artifactKey: Guid(f348a2fb2f8a7fe4e82fb08818415884) Importer(815301076,1909f56bfc062723c751e8b465ee728b)
Start importing Assets/FX/JMO Assets/CFX Prefabs using Guid(f348a2fb2f8a7fe4e82fb08818415884) Importer(815301076,1909f56bfc062723c751e8b465ee728b)  -> (artifact id: '995ec5a4a6c20031d3aa427bf4642a5b') in 0.009374 seconds 
  Import took 0.013051 seconds .

========================================================================
Received Import Request.
  Time since last request: 0.042533 seconds.
  path: Assets/Scenes/SampleScene.unity
  artifactKey: Guid(9fc0d4010bbf28b4594072e72b8655ab) Importer(815301076,1909f56bfc062723c751e8b465ee728b)
Start importing Assets/Scenes/SampleScene.unity using Guid(9fc0d4010bbf28b4594072e72b8655ab) Importer(815301076,1909f56bfc062723c751e8b465ee728b)  -> (artifact id: '85059f4f9e1a832ed95adaa0d25c5c4c') in 0.008888 seconds 
  Import took 0.011468 seconds .

========================================================================
Received Import Request.
  Time since last request: 0.016669 seconds.
  path: Assets/FX/JMO Assets/Textures/CFX_T_Anim4_RoundedLines.png
  artifactKey: Guid(7987b6791dff098469332588914e2c84) Importer(815301076,1909f56bfc062723c751e8b465ee728b)
Start importing Assets/FX/JMO Assets/Textures/CFX_T_Anim4_RoundedLines.png using Guid(7987b6791dff098469332588914e2c84) Importer(815301076,1909f56bfc062723c751e8b465ee728b)  -> (artifact id: '604ae5f6b994c25bd65ddab237d440a9') in 0.014337 seconds 
  Import took 0.017958 seconds .

========================================================================
Received Import Request.
  Time since last request: 0.003830 seconds.
  path: Assets/FX
  artifactKey: Guid(92d5f3975e805c944808df7bef68da2f) Importer(815301076,1909f56bfc062723c751e8b465ee728b)
Start importing Assets/FX using Guid(92d5f3975e805c944808df7bef68da2f) Importer(815301076,1909f56bfc062723c751e8b465ee728b)  -> (artifact id: '385799f5eafb7d4115fd2e23c7bfa822') in 0.007838 seconds 
  Import took 0.010624 seconds .

========================================================================
Received Import Request.
  Time since last request: 0.009333 seconds.
  path: Assets/FX/JMO Assets/Textures/CFX_T_Star.tga
  artifactKey: Guid(95b22be2b746dff46a95032d1620aae1) Importer(815301076,1909f56bfc062723c751e8b465ee728b)
Start importing Assets/FX/JMO Assets/Textures/CFX_T_Star.tga using Guid(95b22be2b746dff46a95032d1620aae1) Importer(815301076,1909f56bfc062723c751e8b465ee728b)  -> (artifact id: '5dddc134e77a08d28fbcc4f9c4dddee2') in 0.015307 seconds 
  Import took 0.017911 seconds .

========================================================================
Received Import Request.
  Time since last request: 0.015091 seconds.
  path: Assets/FX/JMO Assets
  artifactKey: Guid(794f2779a2e674f4f854bb41b18ddfc0) Importer(815301076,1909f56bfc062723c751e8b465ee728b)
Start importing Assets/FX/JMO Assets using Guid(794f2779a2e674f4f854bb41b18ddfc0) Importer(815301076,1909f56bfc062723c751e8b465ee728b)  -> (artifact id: 'b680788606b1a9e38281844a8e40130c') in 0.007618 seconds 
  Import took 0.010627 seconds .

========================================================================
Received Import Request.
  Time since last request: 0.005525 seconds.
  path: Assets/Scripts/Reset.cs
  artifactKey: Guid(9e6b73547442c2241a3d1843a7f6725a) Importer(815301076,1909f56bfc062723c751e8b465ee728b)
Start importing Assets/Scripts/Reset.cs using Guid(9e6b73547442c2241a3d1843a7f6725a) Importer(815301076,1909f56bfc062723c751e8b465ee728b)  -> (artifact id: '0f65fe116b89f9aa345e9bcae41e755f') in 0.007391 seconds 
  Import took 0.009883 seconds .

========================================================================
Received Import Request.
  Time since last request: 0.005882 seconds.
  path: Assets/Scripts/CameraFollow.cs
  artifactKey: Guid(213bfaa8094f40d45bd07d756a34d4b3) Importer(815301076,1909f56bfc062723c751e8b465ee728b)
Start importing Assets/Scripts/CameraFollow.cs using Guid(213bfaa8094f40d45bd07d756a34d4b3) Importer(815301076,1909f56bfc062723c751e8b465ee728b)  -> (artifact id: 'd6fcc80834bec1feb711e7eba1a2d26a') in 0.007618 seconds 
  Import took 0.010586 seconds .

========================================================================
Received Import Request.
  Time since last request: 0.017640 seconds.
  path: Assets/Scripts/Timer.cs
  artifactKey: Guid(17ebcf4476b0c7d43bc1708c17e876ba) Importer(815301076,1909f56bfc062723c751e8b465ee728b)
Start importing Assets/Scripts/Timer.cs using Guid(17ebcf4476b0c7d43bc1708c17e876ba) Importer(815301076,1909f56bfc062723c751e8b465ee728b)  -> (artifact id: 'ca474512274432b22719fa76c67db749') in 0.008066 seconds 
  Import took 0.010941 seconds .

========================================================================
Received Import Request.
  Time since last request: 0.009142 seconds.
  path: Assets/FX/JMO Assets/Materials/CFX_Anim_Poof_AddSoft.mat
  artifactKey: Guid(74a6f6cd13c058a43858627e5383715e) Importer(815301076,1909f56bfc062723c751e8b465ee728b)
Start importing Assets/FX/JMO Assets/Materials/CFX_Anim_Poof_AddSoft.mat using Guid(74a6f6cd13c058a43858627e5383715e) Importer(815301076,1909f56bfc062723c751e8b465ee728b)  -> (artifact id: 'cfe00119a33b9596ed1e49519db9ffe5') in 0.039658 seconds 
  Import took 0.042470 seconds .

========================================================================
Received Import Request.
  Time since last request: 0.005278 seconds.
  path: Assets/FX/JMO Assets/Materials/CFX_Smoke_4frms.mat
  artifactKey: Guid(3217b570b11b257469c5461f0457e5d4) Importer(815301076,1909f56bfc062723c751e8b465ee728b)
Start importing Assets/FX/JMO Assets/Materials/CFX_Smoke_4frms.mat using Guid(3217b570b11b257469c5461f0457e5d4) Importer(815301076,1909f56bfc062723c751e8b465ee728b)  -> (artifact id: '3b83c0d92a26269795f8437170b8056b') in 0.040837 seconds 
  Import took 0.043552 seconds .

========================================================================
Received Import Request.
  Time since last request: 0.004168 seconds.
  path: Assets/FX/JMO Assets/Materials
  artifactKey: Guid(1b2e8b4034e02a44fa55a6d381d7d2f9) Importer(815301076,1909f56bfc062723c751e8b465ee728b)
Start importing Assets/FX/JMO Assets/Materials using Guid(1b2e8b4034e02a44fa55a6d381d7d2f9) Importer(815301076,1909f56bfc062723c751e8b465ee728b)  -> (artifact id: '76e89f38d48a08ece8706fdbbf5ba345') in 0.007945 seconds 
  Import took 0.010401 seconds .

========================================================================
Received Import Request.
  Time since last request: 0.006805 seconds.
  path: Assets/FX/JMO Assets/Textures/CFX_T_Smoke_4Frames.tga
  artifactKey: Guid(3d70761f9ae377945a3aad2a3936df5e) Importer(815301076,1909f56bfc062723c751e8b465ee728b)
Start importing Assets/FX/JMO Assets/Textures/CFX_T_Smoke_4Frames.tga using Guid(3d70761f9ae377945a3aad2a3936df5e) Importer(815301076,1909f56bfc062723c751e8b465ee728b)  -> (artifact id: 'e908df3c9d2dcd1b64ddd7cdfbd3e0ad') in 0.013058 seconds 
  Import took 0.015617 seconds .

========================================================================
Received Import Request.
  Time since last request: 0.027220 seconds.
  path: Assets/Materials
  artifactKey: Guid(c498833625cfdf84489a1bd3984dbe16) Importer(815301076,1909f56bfc062723c751e8b465ee728b)
Start importing Assets/Materials using Guid(c498833625cfdf84489a1bd3984dbe16) Importer(815301076,1909f56bfc062723c751e8b465ee728b)  -> (artifact id: '69d7e3054db26d96a4f8ab835b89636a') in 0.003385 seconds 
  Import took 0.006046 seconds .

========================================================================
Received Import Request.
  Time since last request: 0.005282 seconds.
  path: Assets/Scripts/DeletePlatform.cs
  artifactKey: Guid(aa096efe7d6161a4e8d182715c986a7a) Importer(815301076,1909f56bfc062723c751e8b465ee728b)
Start importing Assets/Scripts/DeletePlatform.cs using Guid(aa096efe7d6161a4e8d182715c986a7a) Importer(815301076,1909f56bfc062723c751e8b465ee728b)  -> (artifact id: 'f4346c14ee5343b8bc9114c9842fb910') in 0.007632 seconds 
  Import took 0.010255 seconds .

========================================================================
Received Import Request.
  Time since last request: 0.003958 seconds.
  path: Assets/Materials/Textures
  artifactKey: Guid(3ddc45ede728ab84a83e9d090c63893c) Importer(815301076,1909f56bfc062723c751e8b465ee728b)
Start importing Assets/Materials/Textures using Guid(3ddc45ede728ab84a83e9d090c63893c) Importer(815301076,1909f56bfc062723c751e8b465ee728b)  -> (artifact id: '7bdc2dbd4df3d71380920a067c8fd0cb') in 0.007533 seconds 
  Import took 0.010282 seconds .

========================================================================
Received Import Request.
  Time since last request: 0.011123 seconds.
  path: Assets/FX/JMO Assets/Materials/CFX_YellowStar.mat
  artifactKey: Guid(26c880ce3c053d04982d2c8e435fdb95) Importer(815301076,1909f56bfc062723c751e8b465ee728b)
Start importing Assets/FX/JMO Assets/Materials/CFX_YellowStar.mat using Guid(26c880ce3c053d04982d2c8e435fdb95) Importer(815301076,1909f56bfc062723c751e8b465ee728b)  -> (artifact id: '7660257a993cad8d9b7a1db76a4d785a') in 0.015624 seconds 
  Import took 0.018194 seconds .

========================================================================
Received Import Request.
  Time since last request: 0.004052 seconds.
  path: Assets/Scenes
  artifactKey: Guid(d497d09e228e9d44388bc4f4d23cb119) Importer(815301076,1909f56bfc062723c751e8b465ee728b)
Start importing Assets/Scenes using Guid(d497d09e228e9d44388bc4f4d23cb119) Importer(815301076,1909f56bfc062723c751e8b465ee728b)  -> (artifact id: '957985792ffc819e8938e205d68fa182') in 0.008950 seconds 
  Import took 0.011707 seconds .

========================================================================
Received Import Request.
  Time since last request: 0.006263 seconds.
  path: Assets/Materials/Textures/Grass.png
  artifactKey: Guid(858dc2671032b3e4091646055eed8e23) Importer(815301076,1909f56bfc062723c751e8b465ee728b)
Start importing Assets/Materials/Textures/Grass.png using Guid(858dc2671032b3e4091646055eed8e23) Importer(815301076,1909f56bfc062723c751e8b465ee728b)  -> (artifact id: '8f1e497db580c9b3e0050f0860676128') in 0.014635 seconds 
  Import took 0.017568 seconds .

========================================================================
Received Import Request.
  Time since last request: 0.004601 seconds.
  path: Assets/Prefabs
  artifactKey: Guid(d731d3a83ff116c43a13abd801d589e2) Importer(815301076,1909f56bfc062723c751e8b465ee728b)
Start importing Assets/Prefabs using Guid(d731d3a83ff116c43a13abd801d589e2) Importer(815301076,1909f56bfc062723c751e8b465ee728b)  -> (artifact id: '68d941508acb3d4daf4c6558fda78af9') in 0.007057 seconds 
  Import took 0.009440 seconds .

========================================================================
Received Import Request.
  Time since last request: 0.008144 seconds.
  path: Assets/Materials/Textures/wood.png
  artifactKey: Guid(056d3b03b2497cf41b3b624b4299ff34) Importer(815301076,1909f56bfc062723c751e8b465ee728b)
Start importing Assets/Materials/Textures/wood.png using Guid(056d3b03b2497cf41b3b624b4299ff34) Importer(815301076,1909f56bfc062723c751e8b465ee728b)  -> (artifact id: '0d999f2573c4ea19c9f1dfd13fda7dcc') in 0.016941 seconds 
  Import took 0.019592 seconds .

========================================================================
Received Import Request.
  Time since last request: 0.020400 seconds.
  path: Assets/Scripts/NoCollisionColorChange.cs
  artifactKey: Guid(d3aee2718e5c6e94f8827b7aa30787df) Importer(815301076,1909f56bfc062723c751e8b465ee728b)
Start importing Assets/Scripts/NoCollisionColorChange.cs using Guid(d3aee2718e5c6e94f8827b7aa30787df) Importer(815301076,1909f56bfc062723c751e8b465ee728b)  -> (artifact id: 'ba44a50b74780b78c24646ae87f11653') in 0.007573 seconds 
  Import took 0.010721 seconds .

========================================================================
Received Import Request.
  Time since last request: 0.003577 seconds.
  path: Assets/Animations
  artifactKey: Guid(6a334169f722cd34bad15f3b9c7c2654) Importer(815301076,1909f56bfc062723c751e8b465ee728b)
Start importing Assets/Animations using Guid(6a334169f722cd34bad15f3b9c7c2654) Importer(815301076,1909f56bfc062723c751e8b465ee728b)  -> (artifact id: '2cde796315bb16056404c46915f5ac52') in 0.007438 seconds 
  Import took 0.009686 seconds .

========================================================================
Received Import Request.
  Time since last request: 0.006390 seconds.
  path: Assets/FX/JMO Assets/CFX Prefabs/CFX_MagicPoof.prefab
  artifactKey: Guid(a40b64bf23366dc42a892af2c6ff6140) Importer(815301076,1909f56bfc062723c751e8b465ee728b)
Start importing Assets/FX/JMO Assets/CFX Prefabs/CFX_MagicPoof.prefab using Guid(a40b64bf23366dc42a892af2c6ff6140) Importer(815301076,1909f56bfc062723c751e8b465ee728b)  -> (artifact id: '6caf5df15c990192d4148a43e3b39c73') in 0.019576 seconds 
  Import took 0.023216 seconds .

========================================================================
Received Import Request.
  Time since last request: 0.004564 seconds.
  path: Assets/Scripts/Movement.cs
  artifactKey: Guid(609ed50c3dc35744285e07e1932e00da) Importer(815301076,1909f56bfc062723c751e8b465ee728b)
Start importing Assets/Scripts/Movement.cs using Guid(609ed50c3dc35744285e07e1932e00da) Importer(815301076,1909f56bfc062723c751e8b465ee728b)  -> (artifact id: 'cda6763eb62fa07513ee3e9f5f642864') in 0.007335 seconds 
  Import took 0.010403 seconds .

========================================================================
Received Import Request.
  Time since last request: 0.006131 seconds.
  path: Assets/Materials/Textures/JungleBG.png
  artifactKey: Guid(99c2f4ea3b05778459af9ac3739cf17e) Importer(815301076,1909f56bfc062723c751e8b465ee728b)
Start importing Assets/Materials/Textures/JungleBG.png using Guid(99c2f4ea3b05778459af9ac3739cf17e) Importer(815301076,1909f56bfc062723c751e8b465ee728b)  -> (artifact id: '0f34fa034c21d20ec4952c9924c39bb7') in 0.015457 seconds 
  Import took 0.018012 seconds .

========================================================================
Received Import Request.
  Time since last request: 0.003868 seconds.
  path: Assets/FX/JMO Assets/Textures
  artifactKey: Guid(be11574018eb9cc4882e2d9ddb8c7926) Importer(815301076,1909f56bfc062723c751e8b465ee728b)
Start importing Assets/FX/JMO Assets/Textures using Guid(be11574018eb9cc4882e2d9ddb8c7926) Importer(815301076,1909f56bfc062723c751e8b465ee728b)  -> (artifact id: '051cf69d66611c93ae28389a28024029') in 0.002929 seconds 
  Import took 0.005288 seconds .

========================================================================
Received Import Request.
  Time since last request: 0.003614 seconds.
  path: Assets/Models
  artifactKey: Guid(eca512af133e6d84eaea40f2cef1157f) Importer(815301076,1909f56bfc062723c751e8b465ee728b)
Start importing Assets/Models using Guid(eca512af133e6d84eaea40f2cef1157f) Importer(815301076,1909f56bfc062723c751e8b465ee728b)  -> (artifact id: '4bb4f9f06452dadab340d2b186806b84') in 0.007638 seconds 
  Import took 0.010363 seconds .

========================================================================
Received Import Request.
  Time since last request: 0.005306 seconds.
  path: Assets/FX/JMO Assets/Textures/CFX_T_Star Add.png
  artifactKey: Guid(df9dab791d4192b4694f9a442f64b18d) Importer(815301076,1909f56bfc062723c751e8b465ee728b)
Start importing Assets/FX/JMO Assets/Textures/CFX_T_Star Add.png using Guid(df9dab791d4192b4694f9a442f64b18d) Importer(815301076,1909f56bfc062723c751e8b465ee728b)  -> (artifact id: '2a3104241a06ecf36a302107c9bdd45d') in 0.014736 seconds 
  Import took 0.017794 seconds .

AssetImportWorkerClient::OnTransportError - code=2 error=End of file
